<?xml version="1.0" encoding="UTF-8"?>
<!-- Generated by org.testng.reporters.JUnitXMLReporter -->
<testsuite hostname="106415.local" name="Default test" tests="2" failures="0" timestamp="27 Jul 2017 05:17:58 GMT" time="2.216" errors="0">
  <testcase name="testStatusCode" time="1.665" classname="com.jagathes.service.WebservieAutomation.GetStatusCodeTest"/>
  <testcase name="testStatusCodeRestAssured" time="0.002" classname="com.jagathes.service.WebservieAutomation.GetStatusCodeTest"/>
</testsuite> <!-- Default test -->
