<?xml version="1.0" encoding="UTF-8"?>
<testng-results skipped="0" failed="0" total="1" passed="1">
  <reporter-output>
  </reporter-output>
  <suite name="GoogleMapGetRequestTest" duration-ms="1635" started-at="2017-07-27T05:27:01Z" finished-at="2017-07-27T05:27:02Z">
    <groups>
    </groups>
    <test name="VerifyGoogleMapGetRequest" duration-ms="1635" started-at="2017-07-27T05:27:01Z" finished-at="2017-07-27T05:27:02Z">
      <class name="com.jagathes.service.WebServiceAutomation.GoogleMapGetRequestTest">
        <test-method status="PASS" signature="setBaseUri()[pri:0, instance:com.jagathes.service.WebServiceAutomation.GoogleMapGetRequestTest@4c203ea1]" name="setBaseUri" is-config="true" duration-ms="345" started-at="2017-07-26T22:27:01Z" finished-at="2017-07-26T22:27:01Z">
          <reporter-output>
          </reporter-output>
        </test-method> <!-- setBaseUri -->
        <test-method status="PASS" signature="testStatusCode()[pri:0, instance:com.jagathes.service.WebServiceAutomation.GoogleMapGetRequestTest@4c203ea1]" name="testStatusCode" duration-ms="1277" started-at="2017-07-26T22:27:01Z" finished-at="2017-07-26T22:27:02Z">
          <reporter-output>
          </reporter-output>
        </test-method> <!-- testStatusCode -->
      </class> <!-- com.jagathes.service.WebServiceAutomation.GoogleMapGetRequestTest -->
    </test> <!-- VerifyGoogleMapGetRequest -->
  </suite> <!-- GoogleMapGetRequestTest -->
</testng-results>
